<?xml version="1.0" encoding="UTF-8"?>
<testng-results skipped="0" failed="0" total="1" passed="1">
  <reporter-output>
  </reporter-output>
  <suite name="com.amazon.testcases.HomePageFilterTest" duration-ms="79271" started-at="2018-12-10T18:00:51Z" finished-at="2018-12-10T18:02:10Z">
    <groups>
    </groups>
    <test name="Command line test" duration-ms="79271" started-at="2018-12-10T18:00:51Z" finished-at="2018-12-10T18:02:10Z">
      <class name="com.amazon.testcases.HomePageFilterTest">
        <test-method status="PASS" signature="setup()[pri:0, instance:com.amazon.testcases.HomePageFilterTest@3fb6a447]" name="setup" is-config="true" duration-ms="20665" started-at="2018-12-10T19:00:51Z" finished-at="2018-12-10T19:01:11Z">
          <reporter-output>
          </reporter-output>
        </test-method> <!-- setup -->
        <test-method status="PASS" signature="verifyHomePageSweetsFilterTest()[pri:0, instance:com.amazon.testcases.HomePageFilterTest@3fb6a447]" name="verifyHomePageSweetsFilterTest" duration-ms="57392" started-at="2018-12-10T19:01:11Z" finished-at="2018-12-10T19:02:09Z">
          <reporter-output>
          </reporter-output>
        </test-method> <!-- verifyHomePageSweetsFilterTest -->
        <test-method status="PASS" signature="tearDown()[pri:0, instance:com.amazon.testcases.HomePageFilterTest@3fb6a447]" name="tearDown" is-config="true" duration-ms="1189" started-at="2018-12-10T19:02:09Z" finished-at="2018-12-10T19:02:10Z">
          <reporter-output>
          </reporter-output>
        </test-method> <!-- tearDown -->
      </class> <!-- com.amazon.testcases.HomePageFilterTest -->
    </test> <!-- Command line test -->
  </suite> <!-- com.amazon.testcases.HomePageFilterTest -->
</testng-results>
