<?xml version="1.0" encoding="UTF-8"?>
<testng-results skipped="0" failed="0" total="1" passed="1">
  <reporter-output>
  </reporter-output>
  <suite name=" Amazon Application Test " duration-ms="64613" started-at="2018-12-09T22:38:11Z" finished-at="2018-12-09T22:39:15Z">
    <groups>
    </groups>
    <test name="Amazon Test" duration-ms="64613" started-at="2018-12-09T22:38:11Z" finished-at="2018-12-09T22:39:15Z">
      <class name="com.amazon.testcases.HomePageFilterTest">
        <test-method status="PASS" signature="setup()[pri:0, instance:com.amazon.testcases.HomePageFilterTest@6767c1fc]" name="setup" is-config="true" duration-ms="18196" started-at="2018-12-09T23:38:11Z" finished-at="2018-12-09T23:38:29Z">
          <reporter-output>
          </reporter-output>
        </test-method> <!-- setup -->
        <test-method status="PASS" signature="verifyHomePageSweetsFilterTest()[pri:0, instance:com.amazon.testcases.HomePageFilterTest@6767c1fc]" name="verifyHomePageSweetsFilterTest" duration-ms="44788" started-at="2018-12-09T23:38:29Z" finished-at="2018-12-09T23:39:14Z">
          <reporter-output>
          </reporter-output>
        </test-method> <!-- verifyHomePageSweetsFilterTest -->
        <test-method status="PASS" signature="tearDown()[pri:0, instance:com.amazon.testcases.HomePageFilterTest@6767c1fc]" name="tearDown" is-config="true" duration-ms="1612" started-at="2018-12-09T23:39:14Z" finished-at="2018-12-09T23:39:15Z">
          <reporter-output>
          </reporter-output>
        </test-method> <!-- tearDown -->
      </class> <!-- com.amazon.testcases.HomePageFilterTest -->
    </test> <!-- Amazon Test -->
  </suite> <!--  Amazon Application Test  -->
</testng-results>
